{
  "stats": {
    "suites": 1,
    "tests": 5,
    "passes": 5,
    "pending": 0,
    "failures": 0,
    "start": "2021-12-10T03:02:02.020Z",
    "end": "2021-12-10T03:02:06.532Z",
    "duration": 4512,
    "testsRegistered": 5,
    "passPercent": 100,
    "pendingPercent": 0,
    "other": 0,
    "hasOther": false,
    "skipped": 0,
    "hasSkipped": false
  },
  "results": [
    {
      "uuid": "72942a48-35ca-40a1-a419-d99741f6489c",
      "title": "",
      "fullFile": "cypress/integration/backend-testing.spec.js",
      "file": "cypress/integration/backend-testing.spec.js",
      "beforeHooks": [],
      "afterHooks": [],
      "tests": [],
      "suites": [
        {
          "uuid": "98c95667-9c0a-475e-bdb8-6c7ffb7217de",
          "title": "Backend testing suite",
          "fullFile": "",
          "file": "",
          "beforeHooks": [],
          "afterHooks": [],
          "tests": [
            {
              "title": "GET Clients, Rooms, Bills and Reservations",
              "fullTitle": "Backend testing suite GET Clients, Rooms, Bills and Reservations",
              "timedOut": null,
              "duration": 2177,
              "state": "passed",
              "speed": "fast",
              "pass": true,
              "fail": false,
              "pending": false,
              "context": null,
              "code": "billHelpers.getAllBills(data.bills);\nroomHelpers.getAllRooms(data.rooms);\nclientHelpers.getAllClients(data.clients);\nreservationHelpers.getAllReservations(data.reservations);",
              "err": {},
              "uuid": "8a2e78f1-6823-4b49-b752-375837abad17",
              "parentUUID": "98c95667-9c0a-475e-bdb8-6c7ffb7217de",
              "isHook": false,
              "skipped": false
            },
            {
              "title": "POST, PUT and DELETE client",
              "fullTitle": "Backend testing suite POST, PUT and DELETE client",
              "timedOut": null,
              "duration": 583,
              "state": "passed",
              "speed": "fast",
              "pass": true,
              "fail": false,
              "pending": false,
              "context": null,
              "code": "clientHelpers.createEditDeleteClient();",
              "err": {},
              "uuid": "661ab986-8df9-4118-a425-7a583952dde1",
              "parentUUID": "98c95667-9c0a-475e-bdb8-6c7ffb7217de",
              "isHook": false,
              "skipped": false
            },
            {
              "title": "POST, PUT and DELETE room",
              "fullTitle": "Backend testing suite POST, PUT and DELETE room",
              "timedOut": null,
              "duration": 580,
              "state": "passed",
              "speed": "fast",
              "pass": true,
              "fail": false,
              "pending": false,
              "context": null,
              "code": "roomHelpers.createEditDeleteRoom();",
              "err": {},
              "uuid": "ba9d4bfe-ce67-4795-b16b-7b3dba9505b5",
              "parentUUID": "98c95667-9c0a-475e-bdb8-6c7ffb7217de",
              "isHook": false,
              "skipped": false
            },
            {
              "title": "POST, PUT and DELETE bill",
              "fullTitle": "Backend testing suite POST, PUT and DELETE bill",
              "timedOut": null,
              "duration": 573,
              "state": "passed",
              "speed": "fast",
              "pass": true,
              "fail": false,
              "pending": false,
              "context": null,
              "code": "billHelpers.createEditDeleteBill();",
              "err": {},
              "uuid": "0d7ebd36-1be2-42c2-996a-de47543c0117",
              "parentUUID": "98c95667-9c0a-475e-bdb8-6c7ffb7217de",
              "isHook": false,
              "skipped": false
            },
            {
              "title": "POST, PUT and DELETE reservation",
              "fullTitle": "Backend testing suite POST, PUT and DELETE reservation",
              "timedOut": null,
              "duration": 567,
              "state": "passed",
              "speed": "fast",
              "pass": true,
              "fail": false,
              "pending": false,
              "context": null,
              "code": "reservationHelpers.createEditDeleteReservation();",
              "err": {},
              "uuid": "507d1d0a-c75e-43bd-b970-3380c0e05407",
              "parentUUID": "98c95667-9c0a-475e-bdb8-6c7ffb7217de",
              "isHook": false,
              "skipped": false
            }
          ],
          "suites": [],
          "passes": [
            "8a2e78f1-6823-4b49-b752-375837abad17",
            "661ab986-8df9-4118-a425-7a583952dde1",
            "ba9d4bfe-ce67-4795-b16b-7b3dba9505b5",
            "0d7ebd36-1be2-42c2-996a-de47543c0117",
            "507d1d0a-c75e-43bd-b970-3380c0e05407"
          ],
          "failures": [],
          "pending": [],
          "skipped": [],
          "duration": 4480,
          "root": false,
          "rootEmpty": false,
          "_timeout": 2000
        }
      ],
      "passes": [],
      "failures": [],
      "pending": [],
      "skipped": [],
      "duration": 0,
      "root": true,
      "rootEmpty": true,
      "_timeout": 2000
    }
  ],
  "meta": {
    "mocha": {
      "version": "7.0.1"
    },
    "mochawesome": {
      "options": {
        "quiet": false,
        "reportFilename": "mochawesome",
        "saveHtml": true,
        "saveJson": true,
        "consoleReporter": "spec",
        "useInlineDiffs": false,
        "code": true
      },
      "version": "7.0.1"
    },
    "marge": {
      "options": null,
      "version": "6.0.1"
    }
  }
}